{
  "stats": {
    "suites": 1,
    "tests": 3,
    "passes": 3,
    "pending": 0,
    "failures": 0,
    "start": "2020-10-01T22:14:45.862Z",
    "end": "2020-10-01T22:15:07.214Z",
    "duration": 21352,
    "testsRegistered": 3,
    "passPercent": 100,
    "pendingPercent": 0,
    "other": 0,
    "hasOther": false,
    "skipped": 0,
    "hasSkipped": false
  },
  "results": [
    {
      "uuid": "f333249c-2093-49ab-9bac-41721c775db4",
      "title": "",
      "fullFile": "cypress\\integration\\examples\\navigation.spec.js",
      "file": "cypress\\integration\\examples\\navigation.spec.js",
      "beforeHooks": [],
      "afterHooks": [],
      "tests": [],
      "suites": [
        {
          "uuid": "616101cd-c4ff-4cb9-aac7-a0909989cd01",
          "title": "Navigation",
          "fullFile": "",
          "file": "",
          "beforeHooks": [],
          "afterHooks": [],
          "tests": [
            {
              "title": "cy.go() - go back or forward in the browser's history",
              "fullTitle": "Navigation cy.go() - go back or forward in the browser's history",
              "timedOut": null,
              "duration": 7949,
              "state": "passed",
              "speed": "slow",
              "pass": true,
              "fail": false,
              "pending": false,
              "context": null,
              "code": "// https://on.cypress.io/go\ncy.location('pathname').should('include', 'navigation');\ncy.go('back');\ncy.location('pathname').should('not.include', 'navigation');\ncy.go('forward');\ncy.location('pathname').should('include', 'navigation'); // clicking back\ncy.go(-1);\ncy.location('pathname').should('not.include', 'navigation'); // clicking forward\ncy.go(1);\ncy.location('pathname').should('include', 'navigation');",
              "err": {},
              "uuid": "c5e380ae-3282-4f9c-9f46-91fb6fa4ca3b",
              "parentUUID": "616101cd-c4ff-4cb9-aac7-a0909989cd01",
              "isHook": false,
              "skipped": false
            },
            {
              "title": "cy.reload() - reload the page",
              "fullTitle": "Navigation cy.reload() - reload the page",
              "timedOut": null,
              "duration": 5231,
              "state": "passed",
              "speed": "slow",
              "pass": true,
              "fail": false,
              "pending": false,
              "context": null,
              "code": "// https://on.cypress.io/reload\ncy.reload(); // reload the page without using the cache\ncy.reload(true);",
              "err": {},
              "uuid": "f36de73f-4221-4acc-96d9-205c2f2dec5c",
              "parentUUID": "616101cd-c4ff-4cb9-aac7-a0909989cd01",
              "isHook": false,
              "skipped": false
            },
            {
              "title": "cy.visit() - visit a remote url",
              "fullTitle": "Navigation cy.visit() - visit a remote url",
              "timedOut": null,
              "duration": 2931,
              "state": "passed",
              "speed": "slow",
              "pass": true,
              "fail": false,
              "pending": false,
              "context": null,
              "code": "// https://on.cypress.io/visit\n// Visit any sub-domain of your current domain\n// Pass options to the visit\ncy.visit('https://example.cypress.io/commands/navigation', {\n  timeout: 50000,\n  // increase total time for the visit to resolve\n  onBeforeLoad: function onBeforeLoad(contentWindow) {\n    // contentWindow is the remote page's window object\n    expect((0, _typeof2[\"default\"])(contentWindow) === 'object').to.be[\"true\"];\n  },\n  onLoad: function onLoad(contentWindow) {\n    // contentWindow is the remote page's window object\n    expect((0, _typeof2[\"default\"])(contentWindow) === 'object').to.be[\"true\"];\n  }\n});",
              "err": {},
              "uuid": "f7bc2429-299f-4a2a-b2d0-88dbcc92e6b8",
              "parentUUID": "616101cd-c4ff-4cb9-aac7-a0909989cd01",
              "isHook": false,
              "skipped": false
            }
          ],
          "suites": [],
          "passes": [
            "c5e380ae-3282-4f9c-9f46-91fb6fa4ca3b",
            "f36de73f-4221-4acc-96d9-205c2f2dec5c",
            "f7bc2429-299f-4a2a-b2d0-88dbcc92e6b8"
          ],
          "failures": [],
          "pending": [],
          "skipped": [],
          "duration": 16111,
          "root": false,
          "rootEmpty": false,
          "_timeout": 2000
        }
      ],
      "passes": [],
      "failures": [],
      "pending": [],
      "skipped": [],
      "duration": 0,
      "root": true,
      "rootEmpty": true,
      "_timeout": 2000
    }
  ],
  "meta": {
    "mocha": {
      "version": "7.0.1"
    },
    "mochawesome": {
      "options": {
        "quiet": false,
        "reportFilename": "mochawesome",
        "saveHtml": false,
        "saveJson": true,
        "consoleReporter": "spec",
        "useInlineDiffs": false,
        "code": true
      },
      "version": "6.1.1"
    },
    "marge": {
      "options": {
        "reportDir": "results",
        "overwrite": false,
        "html": false,
        "json": true
      },
      "version": "5.1.0"
    }
  }
}