{
  "stats": {
    "suites": 1,
    "tests": 4,
    "passes": 4,
    "pending": 0,
    "failures": 0,
    "start": "2020-10-01T22:13:46.219Z",
    "end": "2020-10-01T22:14:00.153Z",
    "duration": 13934,
    "testsRegistered": 4,
    "passPercent": 100,
    "pendingPercent": 0,
    "other": 0,
    "hasOther": false,
    "skipped": 0,
    "hasSkipped": false
  },
  "results": [
    {
      "uuid": "bf5c5708-d515-4ef6-8acd-fd69a2909d32",
      "title": "",
      "fullFile": "cypress\\integration\\examples\\files.spec.js",
      "file": "cypress\\integration\\examples\\files.spec.js",
      "beforeHooks": [],
      "afterHooks": [],
      "tests": [],
      "suites": [
        {
          "uuid": "6ba18cb6-eb70-4a21-bcfa-30b9e8fe9751",
          "title": "Files",
          "fullFile": "",
          "file": "",
          "beforeHooks": [],
          "afterHooks": [],
          "tests": [
            {
              "title": "cy.fixture() - load a fixture",
              "fullTitle": "Files cy.fixture() - load a fixture",
              "timedOut": null,
              "duration": 4119,
              "state": "passed",
              "speed": "slow",
              "pass": true,
              "fail": false,
              "pending": false,
              "context": null,
              "code": "// https://on.cypress.io/fixture\n// Instead of writing a response inline you can\n// use a fixture file's content.\ncy.server();\ncy.fixture('example.json').as('comment'); // when application makes an Ajax request matching \"GET comments/*\"\n// Cypress will intercept it and reply with object\n// from the \"comment\" alias\ncy.route('GET', 'comments/*', '@comment').as('getComment'); // we have code that gets a comment when\n// the button is clicked in scripts.js\ncy.get('.fixture-btn').click();\ncy.wait('@getComment').its('responseBody').should('have.property', 'name').and('include', 'Using fixtures to represent data'); // you can also just write the fixture in the route\ncy.route('GET', 'comments/*', 'fixture:example.json').as('getComment'); // we have code that gets a comment when\n// the button is clicked in scripts.js\ncy.get('.fixture-btn').click();\ncy.wait('@getComment').its('responseBody').should('have.property', 'name').and('include', 'Using fixtures to represent data'); // or write fx to represent fixture\n// by default it assumes it's .json\ncy.route('GET', 'comments/*', 'fx:example').as('getComment'); // we have code that gets a comment when\n// the button is clicked in scripts.js\ncy.get('.fixture-btn').click();\ncy.wait('@getComment').its('responseBody').should('have.property', 'name').and('include', 'Using fixtures to represent data');",
              "err": {},
              "uuid": "08e02fdf-1f10-4f60-a325-3a467447b3d5",
              "parentUUID": "6ba18cb6-eb70-4a21-bcfa-30b9e8fe9751",
              "isHook": false,
              "skipped": false
            },
            {
              "title": "cy.fixture() or require - load a fixture",
              "fullTitle": "Files cy.fixture() or require - load a fixture",
              "timedOut": null,
              "duration": 1027,
              "state": "passed",
              "speed": "slow",
              "pass": true,
              "fail": false,
              "pending": false,
              "context": null,
              "code": "// we are inside the \"function () { ... }\"\n// callback and can use test context object \"this\"\n// \"this.example\" was loaded in \"beforeEach\" function callback\nexpect(this.example, 'fixture in the test context').to.deep.equal(requiredExample); // or use \"cy.wrap\" and \"should('deep.equal', ...)\" assertion\n// @ts-ignore\ncy.wrap(this.example, 'fixture vs require').should('deep.equal', requiredExample);",
              "err": {},
              "uuid": "bafacfe1-854f-4a05-aa3c-fb3b25fccd44",
              "parentUUID": "6ba18cb6-eb70-4a21-bcfa-30b9e8fe9751",
              "isHook": false,
              "skipped": false
            },
            {
              "title": "cy.readFile() - read file contents",
              "fullTitle": "Files cy.readFile() - read file contents",
              "timedOut": null,
              "duration": 767,
              "state": "passed",
              "speed": "slow",
              "pass": true,
              "fail": false,
              "pending": false,
              "context": null,
              "code": "// https://on.cypress.io/readfile\n// You can read a file and yield its contents\n// The filePath is relative to your project's root.\ncy.readFile('cypress.json').then(function (json) {\n  expect(json).to.be.an('object');\n});",
              "err": {},
              "uuid": "071d4531-8ca5-4906-9424-e10086f285af",
              "parentUUID": "6ba18cb6-eb70-4a21-bcfa-30b9e8fe9751",
              "isHook": false,
              "skipped": false
            },
            {
              "title": "cy.writeFile() - write to a file",
              "fullTitle": "Files cy.writeFile() - write to a file",
              "timedOut": null,
              "duration": 4354,
              "state": "passed",
              "speed": "slow",
              "pass": true,
              "fail": false,
              "pending": false,
              "context": null,
              "code": "// https://on.cypress.io/writefile\n// You can write to a file\n// Use a response from a request to automatically\n// generate a fixture file for use later\ncy.request('https://jsonplaceholder.cypress.io/users').then(function (response) {\n  cy.writeFile('cypress/fixtures/users.json', response.body);\n});\ncy.fixture('users').should(function (users) {\n  expect(users[0].name).to.exist;\n}); // JavaScript arrays and objects are stringified\n// and formatted into text.\ncy.writeFile('cypress/fixtures/profile.json', {\n  id: 8739,\n  name: 'Jane',\n  email: 'jane@example.com'\n});\ncy.fixture('profile').should(function (profile) {\n  expect(profile.name).to.eq('Jane');\n});",
              "err": {},
              "uuid": "0c8de4b3-7bed-4a1a-9312-887a7bf3358f",
              "parentUUID": "6ba18cb6-eb70-4a21-bcfa-30b9e8fe9751",
              "isHook": false,
              "skipped": false
            }
          ],
          "suites": [],
          "passes": [
            "08e02fdf-1f10-4f60-a325-3a467447b3d5",
            "bafacfe1-854f-4a05-aa3c-fb3b25fccd44",
            "071d4531-8ca5-4906-9424-e10086f285af",
            "0c8de4b3-7bed-4a1a-9312-887a7bf3358f"
          ],
          "failures": [],
          "pending": [],
          "skipped": [],
          "duration": 10267,
          "root": false,
          "rootEmpty": false,
          "_timeout": 2000
        }
      ],
      "passes": [],
      "failures": [],
      "pending": [],
      "skipped": [],
      "duration": 0,
      "root": true,
      "rootEmpty": true,
      "_timeout": 2000
    }
  ],
  "meta": {
    "mocha": {
      "version": "7.0.1"
    },
    "mochawesome": {
      "options": {
        "quiet": false,
        "reportFilename": "mochawesome",
        "saveHtml": false,
        "saveJson": true,
        "consoleReporter": "spec",
        "useInlineDiffs": false,
        "code": true
      },
      "version": "6.1.1"
    },
    "marge": {
      "options": {
        "reportDir": "results",
        "overwrite": false,
        "html": false,
        "json": true
      },
      "version": "5.1.0"
    }
  }
}